-------------------------------------------------------------------------------
Test set: net.vms.VisitorManagementSystemApplicationTests
-------------------------------------------------------------------------------
Tests run: 1, Failures: 0, Errors: 1, Skipped: 0, Time elapsed: 0.272 s <<< FAILURE! - in net.vms.VisitorManagementSystemApplicationTests
net.vms.VisitorManagementSystemApplicationTests  Time elapsed: 0.271 s  <<< ERROR!
java.lang.IllegalStateException: Unable to find a @SpringBootConfiguration, you need to use @ContextConfiguration or @SpringBootTest(classes=...) with your test

